<?xml version="1.0" encoding="UTF-8"?>
<testsuite name="com.jmeplay.GenerateUUID" tests="1" skipped="0" failures="0" errors="0" timestamp="2017-11-17T20:19:47" hostname="ThinkPad-T460p" time="0.003">
  <properties/>
  <testcase name="generate" classname="com.jmeplay.GenerateUUID" time="0.003"/>
  <system-out><![CDATA[9930fc17-c75a-4223-93bf-0a9e1f185f60
]]></system-out>
  <system-err><![CDATA[]]></system-err>
</testsuite>
